summarising results for _4_microwave_oven, id 3
score: {'6': 1, '9': 1, '3': 1, '5': 0, '4': 1, '1': 1, '8': 1, '10': 1, '7': 1, '2': 1}, steps: {'6': 9, '9': 9, '3': 9, '5': 8, '4': 8, '1': 9, '8': 10, '10': 8, '7': 8, '2': 9}, s-nipl: {'6': 1, '9': 1, '3': 1, '5': 0, '4': 1, '1': 0.8888888888888888, '8': 1, '10': 1, '7': 1, '2': 1}
 
summarising results for _4_microwave_oven, id 5
score: {'6': 1, '9': 1, '3': 1, '5': 1, '4': 1, '1': 1, '8': 1, '10': 1, '7': 1, '2': 1}, steps: {'6': 7, '9': 7, '3': 8, '5': 5, '4': 6, '1': 7, '8': 6, '10': 7, '7': 7, '2': 6}, s-nipl: {'6': 1, '9': 1, '3': 1, '5': 1, '4': 1, '1': 1, '8': 1, '10': 1, '7': 1, '2': 1}
 
summarising results for _4_microwave_oven, id 4
score: {'6': 1, '9': 1, '3': 1, '5': 1, '4': 1, '1': 1, '8': 1, '10': 1, '7': 1, '2': 1}, steps: {'6': 7, '9': 9, '3': 9, '5': 9, '4': 10, '1': 8, '8': 9, '10': 8, '7': 8, '2': 7}, s-nipl: {'6': 1, '9': 1, '3': 1, '5': 1, '4': 1, '1': 1, '8': 1, '10': 1, '7': 1, '2': 0.7142857142857143}
 
summarising results for _4_microwave_oven, id 1
score: {'6': 1, '9': 1, '3': 1, '5': 1, '4': 1, '1': 1, '8': 1, '10': 1, '7': 1, '2': 1}, steps: {'6': 7, '9': 5, '3': 6, '5': 5, '4': 6, '1': 6, '8': 6, '10': 6, '7': 6, '2': 6}, s-nipl: {'6': 1, '9': 1, '3': 1, '5': 1, '4': 1, '1': 1, '8': 1, '10': 1, '7': 1, '2': 1}
 
summarising results for _4_microwave_oven, id 2
score: {'6': 0, '9': 1, '3': 1, '5': 1, '4': 0, '1': 1, '8': 1, '10': 1, '7': 1, '2': 0}, steps: {'6': 3, '9': 10, '3': 11, '5': 11, '4': 0, '1': 10, '8': 11, '10': 10, '7': 11, '2': 5}, s-nipl: {'6': 0, '9': 1, '3': 1, '5': 1, '4': 0, '1': 1, '8': 1, '10': 1, '7': 1, '2': 0}
 
summarising results for _1_dehumidifier, id 3
score: {'6': 1, '9': 1, '3': 1, '5': 1, '4': 1, '1': 1, '8': 1, '10': 1, '7': 1, '2': 1}, steps: {'6': 3, '9': 3, '3': 4, '5': 3, '4': 3, '1': 3, '8': 2, '10': 3, '7': 3, '2': 3}, s-nipl: {'6': 1, '9': 1, '3': 1, '5': 1, '4': 1, '1': 1, '8': 1, '10': 1, '7': 1, '2': 0.3333333333333333}
 
summarising results for _1_dehumidifier, id 5
score: {'6': 1, '9': 1, '3': 1, '5': 1, '4': 1, '1': 1, '8': 1, '10': 1, '7': 1, '2': 1}, steps: {'6': 2, '9': 3, '3': 3, '5': 3, '4': 2, '1': 2, '8': 3, '10': 2, '7': 3, '2': 2}, s-nipl: {'6': 1, '9': 0.3333333333333333, '3': 1, '5': 1, '4': 1, '1': 1, '8': 1, '10': 1, '7': 0.3333333333333333, '2': 1}
 
summarising results for _1_dehumidifier, id 4
score: {'6': 1, '9': 1, '3': 1, '5': 1, '4': 1, '1': 1, '8': 1, '10': 1, '7': 1, '2': 1}, steps: {'6': 3, '9': 3, '3': 2, '5': 3, '4': 3, '1': 3, '8': 3, '10': 2, '7': 2, '2': 2}, s-nipl: {'6': 1, '9': 1, '3': 1, '5': 1, '4': 1, '1': 0.3333333333333333, '8': 1, '10': 1, '7': 1, '2': 1}
 
summarising results for _1_dehumidifier, id 1
score: {'6': 1, '9': 1, '3': 1, '5': 1, '4': 1, '1': 1, '8': 1, '10': 1, '7': 1, '2': 1}, steps: {'6': 3, '9': 3, '3': 2, '5': 2, '4': 2, '1': 6, '8': 3, '10': 3, '7': 5, '2': 2}, s-nipl: {'6': 1, '9': 1, '3': 1, '5': 1, '4': 1, '1': 0.6666666666666666, '8': 1, '10': 1, '7': 1, '2': 1}
 
summarising results for _1_dehumidifier, id 2
score: {'6': 1, '9': 1, '3': 1, '5': 1, '4': 1, '1': 1, '8': 0, '10': 1, '7': 1, '2': 1}, steps: {'6': 4, '9': 3, '3': 3, '5': 3, '4': 7, '1': 3, '8': 8, '10': 4, '7': 3, '2': 4}, s-nipl: {'6': 1, '9': 1, '3': 1, '5': 1, '4': 1, '1': 0.3333333333333333, '8': 0, '10': 1, '7': 1, '2': 1}
 
summarising results for _2_bottle_washer, id 3
score: {'6': 1, '9': 1, '3': 1, '5': 1, '4': 1, '1': 1, '8': 1, '10': 1, '7': 1, '2': 1}, steps: {'6': 4, '9': 4, '3': 4, '5': 3, '4': 4, '1': 4, '8': 3, '10': 4, '7': 4, '2': 3}, s-nipl: {'6': 1, '9': 0.5, '3': 0.5, '5': 1, '4': 0.5, '1': 0.5, '8': 1, '10': 0.5, '7': 0.75, '2': 1}
 
summarising results for _2_bottle_washer, id 5
score: {'6': 1, '9': 1, '3': 1, '5': 1, '4': 1, '1': 1, '8': 1, '10': 1, '7': 1, '2': 1}, steps: {'6': 5, '9': 4, '3': 3, '5': 4, '4': 4, '1': 4, '8': 5, '10': 4, '7': 4, '2': 3}, s-nipl: {'6': 1, '9': 1, '3': 1, '5': 1, '4': 1, '1': 0.5, '8': 1, '10': 0.75, '7': 0.75, '2': 0.6666666666666666}
 
summarising results for _2_bottle_washer, id 4
score: {'6': 1, '9': 1, '3': 1, '5': 1, '4': 1, '1': 1, '8': 1, '10': 1, '7': 1, '2': 1}, steps: {'6': 6, '9': 5, '3': 6, '5': 4, '4': 4, '1': 5, '8': 6, '10': 5, '7': 4, '2': 3}, s-nipl: {'6': 0.6666666666666666, '9': 1, '3': 1, '5': 1, '4': 1, '1': 0.6, '8': 1, '10': 1, '7': 0.5, '2': 1}
 
summarising results for _2_bottle_washer, id 1
score: {'6': 1, '9': 1, '3': 1, '5': 1, '4': 1, '1': 1, '8': 1, '10': 1, '7': 1, '2': 1}, steps: {'6': 3, '9': 3, '3': 3, '5': 2, '4': 2, '1': 2, '8': 2, '10': 3, '7': 3, '2': 3}, s-nipl: {'6': 1, '9': 1, '3': 1, '5': 1, '4': 1, '1': 1, '8': 1, '10': 1, '7': 1, '2': 1}
 
summarising results for _2_bottle_washer, id 2
score: {'6': 1, '9': 1, '3': 1, '5': 1, '4': 1, '1': 1, '8': 1, '10': 1, '7': 1, '2': 1}, steps: {'6': 5, '9': 7, '3': 9, '5': 6, '4': 6, '1': 7, '8': 6, '10': 6, '7': 6, '2': 6}, s-nipl: {'6': 1, '9': 0.7142857142857143, '3': 0.7777777777777778, '5': 0.3333333333333333, '4': 0.6666666666666666, '1': 0.14285714285714285, '8': 0.6666666666666666, '10': 0.3333333333333333, '7': 0.6666666666666666, '2': 0.6666666666666666}
 
summarising results for _6_washing_machine, id 3
score: {'6': 1, '9': 1, '3': 1, '5': 1, '4': 1, '1': 1, '8': 0, '10': 1, '7': 1, '2': 1}, steps: {'6': 11, '9': 12, '3': 11, '5': 10, '4': 11, '1': 11, '8': 8, '10': 11, '7': 11, '2': 10}, s-nipl: {'6': 1, '9': 0.9166666666666666, '3': 1, '5': 1, '4': 0.6363636363636364, '1': 0.45454545454545453, '8': 0, '10': 1, '7': 1, '2': 0.6}
 
summarising results for _6_washing_machine, id 5
score: {'6': 1, '9': 1, '3': 1, '5': 1, '4': 1, '1': 1, '8': 1, '10': 0, '7': 1, '2': 1}, steps: {'6': 13, '9': 14, '3': 13, '5': 13, '4': 13, '1': 13, '8': 11, '10': 5, '7': 11, '2': 12}, s-nipl: {'6': 1, '9': 1, '3': 1, '5': 1, '4': 1, '1': 1, '8': 1, '10': 0, '7': 1, '2': 1}
 
summarising results for _6_washing_machine, id 4
score: {'6': 1, '9': 1, '3': 1, '5': 1, '4': 1, '1': 1, '8': 1, '10': 1, '7': 1, '2': 1}, steps: {'6': 14, '9': 9, '3': 15, '5': 9, '4': 14, '1': 12, '8': 14, '10': 14, '7': 13, '2': 13}, s-nipl: {'6': 1, '9': 1, '3': 1, '5': 1, '4': 1, '1': 1, '8': 1, '10': 1, '7': 1, '2': 0.7692307692307693}
 
summarising results for _6_washing_machine, id 1
score: {'6': 1, '9': 1, '3': 1, '5': 1, '4': 1, '1': 1, '8': 1, '10': 1, '7': 1, '2': 1}, steps: {'6': 14, '9': 13, '3': 13, '5': 14, '4': 14, '1': 15, '8': 14, '10': 13, '7': 13, '2': 13}, s-nipl: {'6': 1, '9': 1, '3': 1, '5': 1, '4': 1, '1': 1, '8': 1, '10': 1, '7': 1, '2': 1}
 
summarising results for _6_washing_machine, id 2
score: {'6': 1, '9': 1, '3': 1, '5': 1, '4': 1, '1': 1, '8': 1, '10': 1, '7': 1, '2': 1}, steps: {'6': 12, '9': 13, '3': 13, '5': 12, '4': 13, '1': 13, '8': 11, '10': 12, '7': 12, '2': 10}, s-nipl: {'6': 1, '9': 0.6923076923076923, '3': 1, '5': 1, '4': 1, '1': 1, '8': 1, '10': 1, '7': 1, '2': 1}
 
summarising results for _3_rice_cooker, id 3
score: {'6': 1, '9': 1, '3': 1, '5': 1, '4': 1, '1': 1, '8': 1, '10': 1, '7': 1, '2': 1}, steps: {'6': 6, '9': 6, '3': 8, '5': 8, '4': 9, '1': 7, '8': 6, '10': 6, '7': 7, '2': 7}, s-nipl: {'6': 1, '9': 1, '3': 0.625, '5': 1, '4': 0.7777777777777778, '1': 0.2857142857142857, '8': 1, '10': 1, '7': 0.42857142857142855, '2': 0.8571428571428571}
 
summarising results for _3_rice_cooker, id 5
score: {'6': 0, '9': 0, '3': 1, '5': 1, '4': 1, '1': 1, '8': 1, '10': 1, '7': 1, '2': 1}, steps: {'6': 4, '9': 5, '3': 6, '5': 6, '4': 6, '1': 5, '8': 6, '10': 6, '7': 6, '2': 6}, s-nipl: {'6': 0, '9': 0, '3': 1, '5': 1, '4': 1, '1': 1, '8': 1, '10': 1, '7': 1, '2': 1}
 
summarising results for _3_rice_cooker, id 4
score: {'6': 1, '9': 1, '3': 1, '5': 1, '4': 1, '1': 1, '8': 1, '10': 1, '7': 1, '2': 1}, steps: {'6': 5, '9': 5, '3': 5, '5': 5, '4': 6, '1': 5, '8': 5, '10': 5, '7': 5, '2': 5}, s-nipl: {'6': 1, '9': 1, '3': 0.8, '5': 1, '4': 1, '1': 1, '8': 1, '10': 1, '7': 1, '2': 1}
 
summarising results for _3_rice_cooker, id 1
score: {'6': 1, '9': 1, '3': 1, '5': 1, '4': 1, '1': 1, '8': 1, '10': 1, '7': 1, '2': 1}, steps: {'6': 10, '9': 7, '3': 7, '5': 8, '4': 8, '1': 10, '8': 7, '10': 7, '7': 10, '2': 7}, s-nipl: {'6': 0.7, '9': 0.7142857142857143, '3': 0.8571428571428571, '5': 1, '4': 0.5, '1': 0.7, '8': 0.7142857142857143, '10': 0.42857142857142855, '7': 0.9, '2': 0.7142857142857143}
 
summarising results for _3_rice_cooker, id 2
score: {'6': 1, '9': 1, '3': 1, '5': 1, '4': 1, '1': 1, '8': 1, '10': 1, '7': 1, '2': 1}, steps: {'6': 5, '9': 5, '3': 5, '5': 5, '4': 4, '1': 5, '8': 5, '10': 4, '7': 5, '2': 5}, s-nipl: {'6': 1, '9': 1, '3': 1, '5': 1, '4': 1, '1': 0.6, '8': 1, '10': 1, '7': 1, '2': 1}
 
summarising results for _5_bread_maker, id 3
score: {'6': 1, '9': 1, '3': 1, '5': 1, '4': 1, '1': 1, '8': 1, '10': 1, '7': 1, '2': 1}, steps: {'6': 10, '9': 10, '3': 9, '5': 10, '4': 10, '1': 10, '8': 10, '10': 9, '7': 9, '2': 10}, s-nipl: {'6': 1, '9': 0.6, '3': 1, '5': 0.8, '4': 0.7, '1': 0.4, '8': 1, '10': 1, '7': 1, '2': 0.6}
 
summarising results for _5_bread_maker, id 5
score: {'6': 1, '9': 1, '3': 1, '5': 0, '4': 1, '1': 1, '8': 1, '10': 1, '7': 1, '2': 1}, steps: {'6': 9, '9': 10, '3': 8, '5': 8, '4': 10, '1': 10, '8': 9, '10': 10, '7': 9, '2': 8}, s-nipl: {'6': 0.8888888888888888, '9': 1, '3': 1, '5': 0, '4': 1, '1': 1, '8': 0.8888888888888888, '10': 0.4, '7': 1, '2': 1}
 
summarising results for _5_bread_maker, id 4
score: {'6': 1, '9': 1, '3': 1, '5': 1, '4': 1, '1': 1, '8': 1, '10': 1, '7': 1, '2': 1}, steps: {'6': 9, '9': 9, '3': 10, '5': 10, '4': 9, '1': 9, '8': 8, '10': 8, '7': 10, '2': 7}, s-nipl: {'6': 0.8888888888888888, '9': 1, '3': 1, '5': 1, '4': 1, '1': 0.3333333333333333, '8': 1, '10': 1, '7': 0.9, '2': 1}
 
summarising results for _5_bread_maker, id 1
score: {'6': 1, '9': 1, '3': 1, '5': 1, '4': 1, '1': 1, '8': 1, '10': 1, '7': 1, '2': 1}, steps: {'6': 8, '9': 9, '3': 11, '5': 9, '4': 10, '1': 10, '8': 10, '10': 10, '7': 9, '2': 9}, s-nipl: {'6': 1, '9': 1, '3': 0.6363636363636364, '5': 1, '4': 1, '1': 1, '8': 0.9, '10': 1, '7': 1, '2': 1}
 
summarising results for _5_bread_maker, id 2
score: {'6': 1, '9': 1, '3': 1, '5': 1, '4': 1, '1': 1, '8': 1, '10': 1, '7': 1, '2': 1}, steps: {'6': 7, '9': 11, '3': 11, '5': 10, '4': 8, '1': 7, '8': 11, '10': 8, '7': 9, '2': 12}, s-nipl: {'6': 1, '9': 1, '3': 0.8181818181818182, '5': 0.7, '4': 1, '1': 0.8571428571428571, '8': 1, '10': 1, '7': 1, '2': 0.5833333333333334}
 
