##processing method:  _1_NV_M_UR_LP
summarising results for _4_water_dispenser, id 1
processing testcase id:  6
processing testcase id:  9
processing testcase id:  3
processing testcase id:  5
processing testcase id:  4
processing testcase id:  1
processing testcase id:  8
processing testcase id:  10
processing testcase id:  7
processing testcase id:  2
score: {'6': 1, '9': 1, '3': 1, '5': 1, '4': 1, '1': 1, '8': 1, '10': 1, '7': 1, '2': 1}, steps_taken: {'6': 6, '9': 3, '3': 3, '5': 5, '4': 9, '1': 7, '8': 9, '10': 4, '7': 7, '2': 4}, s_nipl: {'6': 0.6666666666666666, '9': 0.3333333333333333, '3': 0.3333333333333333, '5': 1, '4': 0.3333333333333333, '1': 0.7142857142857143, '8': 0.3333333333333333, '10': 0.5, '7': 0.7142857142857143, '2': 1}
summarising results for _5_induction_cooker, id 1
processing testcase id:  6
processing testcase id:  9
processing testcase id:  3
processing testcase id:  5
processing testcase id:  4
processing testcase id:  1
processing testcase id:  8
processing testcase id:  10
processing testcase id:  7
processing testcase id:  2
score: {'6': 0, '9': 0, '3': 1, '5': 1, '4': 1, '1': 0, '8': 0, '10': 0, '7': 1, '2': 1}, steps_taken: {'6': 70, '9': 6, '3': 21, '5': 7, '4': 18, '1': 12, '8': 4, '10': 8, '7': 3, '2': 28}, s_nipl: {'6': 0.0, '9': 0.0, '3': 0.14285714285714285, '5': 0.7142857142857143, '4': 0.05555555555555555, '1': 0.0, '8': 0.0, '10': 0.0, '7': 0.3333333333333333, '2': 0.07142857142857142}
summarising results for _3_blender, id 1
processing testcase id:  6
processing testcase id:  9
processing testcase id:  3
processing testcase id:  5
processing testcase id:  4
processing testcase id:  1
processing testcase id:  8
processing testcase id:  10
processing testcase id:  7
processing testcase id:  2
score: {'6': 1, '9': 1, '3': 1, '5': 1, '4': 1, '1': 1, '8': 1, '10': 1, '7': 1, '2': 1}, steps_taken: {'6': 4, '9': 3, '3': 4, '5': 3, '4': 3, '1': 4, '8': 4, '10': 4, '7': 3, '2': 3}, s_nipl: {'6': 0.25, '9': 0.3333333333333333, '3': 0.25, '5': 0.3333333333333333, '4': 0.3333333333333333, '1': 0.25, '8': 0.25, '10': 0.25, '7': 0.3333333333333333, '2': 0.3333333333333333}
##processing method:  _4_M_SR_MA
summarising results for _4_water_dispenser, id 1
processing testcase id:  6
processing testcase id:  9
processing testcase id:  3
processing testcase id:  5
processing testcase id:  4
processing testcase id:  1
processing testcase id:  8
processing testcase id:  10
processing testcase id:  7
processing testcase id:  2
score: {'6': 1, '9': 1, '3': 1, '5': 1, '4': 1, '1': 1, '8': 0, '10': 0, '7': 0, '2': 1}, steps_taken: {'6': 9, '9': 5, '3': 7, '5': 3, '4': 9, '1': 12, '8': 18, '10': 6, '7': 8, '2': 7}, s_nipl: {'6': 0.4444444444444444, '9': 0.2, '3': 0.14285714285714285, '5': 1, '4': 0.3333333333333333, '1': 0.4166666666666667, '8': 0.0, '10': 0.0, '7': 0.0, '2': 0.5714285714285714}
summarising results for _5_induction_cooker, id 1
processing testcase id:  6
processing testcase id:  9
processing testcase id:  3
processing testcase id:  5
processing testcase id:  4
processing testcase id:  1
processing testcase id:  8
processing testcase id:  10
processing testcase id:  7
processing testcase id:  2
score: {'6': 1, '9': 1, '3': 1, '5': 1, '4': 1, '1': 1, '8': 1, '10': 1, '7': 1, '2': 1}, steps_taken: {'6': 7, '9': 22, '3': 3, '5': 5, '4': 19, '1': 26, '8': 10, '10': 25, '7': 34, '2': 14}, s_nipl: {'6': 1, '9': 0.13636363636363635, '3': 1, '5': 1, '4': 0.05263157894736842, '1': 0.07692307692307693, '8': 0.2, '10': 0.16, '7': 0.029411764705882353, '2': 0.14285714285714285}
summarising results for _3_blender, id 1
processing testcase id:  6
processing testcase id:  9
processing testcase id:  3
processing testcase id:  5
processing testcase id:  4
processing testcase id:  1
processing testcase id:  8
processing testcase id:  10
processing testcase id:  7
processing testcase id:  2
score: {'6': 1, '9': 1, '3': 1, '5': 1, '4': 1, '1': 1, '8': 1, '10': 1, '7': 1, '2': 1}, steps_taken: {'6': 1, '9': 1, '3': 1, '5': 1, '4': 1, '1': 1, '8': 1, '10': 1, '7': 1, '2': 1}, s_nipl: {'6': 1, '9': 1, '3': 1, '5': 1, '4': 1, '1': 1, '8': 1, '10': 1, '7': 1, '2': 1}
